Arguments: 
  C:\Program Files\nodejs\node.exe C:\Users\I524764\AppData\Roaming\npm\node_modules\@sanity\cli\vendor\yarn install --json --non-interactive --ignore-engines --network-timeout 60000 --registry https://registry.npmjs.org

PATH: 
  C:\Program Files\SapMachine\JDK\11\bin;C:\Program Files (x86)\VMware\VMware Workstation\bin\;C:\Program Files (x86)\Common Files\Oracle\Java\javapath;C:\ProgramData\Oracle\Java\javapath;C:\Python38\Scripts\;C:\Python38\;C:\WINDOWS\system32;C:\WINDOWS;C:\WINDOWS\System32\Wbem;C:\WINDOWS\System32\WindowsPowerShell\v1.0\;C:\WINDOWS\System32\OpenSSH\;C:\Program Files\Docker\Docker\resources\bin;C:\ProgramData\DockerDesktop\version-bin;C:\ProgramData\chocolatey\bin;C:\Program Files\apache-maven-3.6.3\bin;C:\Program Files\SapMachine\JDK\11\\bin;C:\Program Files\Java\jdk-14.0.1\bin;C:\Users\I524764\AppData\Roaming\Cloud Foundry;C:\Program Files\nodejs\;C:\flutter\bin;C:\Users\I524764\AppData\Local\Android\Sdk\platform-tools;C:\Users\I524764\AppData\Local\Android\Sdk\emulator;C:\Program Files\OpenSSL-Win64\bin;C:\opscode\chef-workstation\bin\;C:\Program Files\PuTTY\;C:\Program Files\Git\cmd;C:\Ruby27-x64\bin;C:\Users\I524764\AppData\Local\Microsoft\WindowsApps;C:\Users\I524764\AppData\Roaming\npm;C:\Users\I524764\AppData\Local\Programs\Microsoft VS Code\bin;C:\Program Files\JetBrains\IntelliJ IDEA Community Edition 2020.2.2\bin;C:\Program Files\JetBrains\IntelliJ IDEA 2021.2.1\bin;

Yarn version: 
  1.22.17

Node version: 
  14.17.5

Platform: 
  win32 x64

Trace: 
  Error: https://registry.npmjs.org/date-fns/-/date-fns-2.28.0.tgz: ESOCKETTIMEDOUT
      at ClientRequest.<anonymous> (C:\Users\I524764\AppData\Roaming\npm\node_modules\@sanity\cli\vendor\yarn:135945:19)
      at Object.onceWrapper (events.js:519:28)
      at ClientRequest.emit (events.js:400:28)
      at TLSSocket.emitRequestTimeout (_http_client.js:790:9)
      at Object.onceWrapper (events.js:519:28)
      at TLSSocket.emit (events.js:412:35)
      at TLSSocket.Socket._onTimeout (net.js:484:8)
      at listOnTimeout (internal/timers.js:557:17)
      at processTimers (internal/timers.js:500:7)

npm manifest: 
  {
    "name": "raviportfolio",
    "private": true,
    "version": "1.0.0",
    "description": "",
    "main": "package.json",
    "author": "RAVIGANESH M <raviganeshmbhat999@gmail.com>",
    "license": "UNLICENSED",
    "scripts": {
      "start": "sanity start",
      "build": "sanity build"
    },
    "keywords": [
      "sanity"
    ],
    "dependencies": {
      "@sanity/base": "^2.27.1",
      "@sanity/core": "^2.27.0",
      "@sanity/default-layout": "^2.27.1",
      "@sanity/default-login": "^2.27.0",
      "@sanity/desk-tool": "^2.27.1",
      "@sanity/eslint-config-studio": "^2.0.0",
      "@sanity/vision": "^2.27.1",
      "eslint": "^8.6.0",
      "prop-types": "^15.7",
      "react": "^17.0",
      "react-dom": "^17.0",
      "styled-components": "^5.2.0"
    },
    "devDependencies": {}
  }

yarn manifest: 
  No manifest

Lockfile: 
  No lockfile
